Arguments: 
  /usr/local/bin/node /Users/annaczekajlo-kozlowska/.yarn/bin/yarn.js start

PATH: 
  /Users/annaczekajlo-kozlowska/.yarn/bin:/Users/annaczekajlo-kozlowska/.config/yarn/global/node_modules/.bin:/Users/annaczekajlo-kozlowska/.local/bin:/Users/annaczekajlo-kozlowska/opt/miniconda3/bin:/Users/annaczekajlo-kozlowska/opt/miniconda3/condabin:/Library/Frameworks/Python.framework/Versions/3.8/bin:/usr/local/bin:/usr/bin:/bin:/usr/sbin:/sbin

Yarn version: 
  1.22.5

Node version: 
  14.15.0

Platform: 
  darwin x64

Trace: 
  SyntaxError: /Users/annaczekajlo-kozlowska/programowanie/React/pickpack/package.json: Unexpected token } in JSON at position 94
      at JSON.parse (<anonymous>)
      at /Users/annaczekajlo-kozlowska/.yarn/lib/cli.js:1625:59
      at Generator.next (<anonymous>)
      at step (/Users/annaczekajlo-kozlowska/.yarn/lib/cli.js:310:30)
      at /Users/annaczekajlo-kozlowska/.yarn/lib/cli.js:321:13

npm manifest: 
  {
    "name": "pickpack",
    "version": "1.0.0",
    "scripts": {
      "start": "node server.js",
    },
    "dependencies": {
      "bcrypt": "^5.0.0",
      "bcryptjs": "^2.4.3",
      "body-parser": "^1.18.3",
      "cookie-parser": "^1.4.5",
      "cors": "^2.8.5",
      "dotenv": "^8.2.0",
      "express": "^4.16.4",
      "express-validator": "^6.6.1",
      "jsonwebtoken": "^8.5.1",
      "mongoose": "^5.10.7",
      "nodemon": "^2.0.4",
      "react-redux": "^7.2.2",
      "react-router-dom": "^5.2.0",
      "redux": "^4.0.5",
      "redux-thunk": "^2.3.0",
      "uuid": "^8.3.0"
    },
    "devDependencies": {
      "concurrently": "^4.0.1"
    }
  }

yarn manifest: 
  No manifest

Lockfile: 
  No lockfile
